{"/Users/brucejohnson/rpt13/rpt13-fec-service/client/src/AllProductsLinkGenerator.jsx": {"path":"/Users/brucejohnson/rpt13/rpt13-fec-service/client/src/AllProductsLinkGenerator.jsx","statementMap":{"0":{"start":{"line":4,"column":20},"end":{"line":8,"column":1}},"1":{"start":{"line":5,"column":2},"end":{"line":7,"column":15}},"2":{"start":{"line":10,"column":33},"end":{"line":11,"column":76}},"3":{"start":{"line":11,"column":2},"end":{"line":11,"column":76}},"4":{"start":{"line":11,"column":37},"end":{"line":11,"column":75}}},"fnMap":{"0":{"name":"(anonymous_0)","decl":{"start":{"line":4,"column":20},"end":{"line":4,"column":21}},"loc":{"start":{"line":5,"column":2},"end":{"line":7,"column":15}},"line":5},"1":{"name":"(anonymous_1)","decl":{"start":{"line":10,"column":33},"end":{"line":10,"column":34}},"loc":{"start":{"line":11,"column":2},"end":{"line":11,"column":76}},"line":11},"2":{"name":"(anonymous_2)","decl":{"start":{"line":11,"column":18},"end":{"line":11,"column":19}},"loc":{"start":{"line":11,"column":37},"end":{"line":11,"column":75}},"line":11}},"branchMap":{},"s":{"0":1,"1":4,"2":1,"3":1,"4":4},"f":{"0":4,"1":1,"2":4},"b":{},"_coverageSchema":"43e27e138ebf9cfc5966b082cf9a028302ed4184","hash":"0fe62b1850a98ee31d0d5f9a20cc90b05bdc0d19"}
,"/Users/brucejohnson/rpt13/rpt13-fec-service/client/src/App.jsx": {"path":"/Users/brucejohnson/rpt13/rpt13-fec-service/client/src/App.jsx","statementMap":{"0":{"start":{"line":5,"column":10},"end":{"line":5,"column":27}},"1":{"start":{"line":9,"column":4},"end":{"line":9,"column":17}},"2":{"start":{"line":10,"column":4},"end":{"line":13,"column":6}},"3":{"start":{"line":17,"column":4},"end":{"line":53,"column":5}},"4":{"start":{"line":18,"column":6},"end":{"line":40,"column":9}},"5":{"start":{"line":29,"column":10},"end":{"line":38,"column":14}},"6":{"start":{"line":29,"column":36},"end":{"line":38,"column":11}},"7":{"start":{"line":42,"column":6},"end":{"line":52,"column":9}},"8":{"start":{"line":46,"column":10},"end":{"line":48,"column":14}},"9":{"start":{"line":46,"column":36},"end":{"line":48,"column":11}},"10":{"start":{"line":51,"column":10},"end":{"line":51,"column":66}},"11":{"start":{"line":57,"column":4},"end":{"line":67,"column":6}}},"fnMap":{"0":{"name":"(anonymous_0)","decl":{"start":{"line":8,"column":2},"end":{"line":8,"column":3}},"loc":{"start":{"line":8,"column":21},"end":{"line":14,"column":3}},"line":8},"1":{"name":"(anonymous_1)","decl":{"start":{"line":16,"column":2},"end":{"line":16,"column":3}},"loc":{"start":{"line":16,"column":22},"end":{"line":54,"column":3}},"line":16},"2":{"name":"(anonymous_2)","decl":{"start":{"line":21,"column":17},"end":{"line":21,"column":18}},"loc":{"start":{"line":28,"column":14},"end":{"line":39,"column":9}},"line":28},"3":{"name":"(anonymous_3)","decl":{"start":{"line":29,"column":24},"end":{"line":29,"column":25}},"loc":{"start":{"line":29,"column":36},"end":{"line":38,"column":11}},"line":29},"4":{"name":"(anonymous_4)","decl":{"start":{"line":45,"column":17},"end":{"line":45,"column":18}},"loc":{"start":{"line":45,"column":30},"end":{"line":49,"column":9}},"line":45},"5":{"name":"(anonymous_5)","decl":{"start":{"line":46,"column":24},"end":{"line":46,"column":25}},"loc":{"start":{"line":46,"column":36},"end":{"line":48,"column":11}},"line":46},"6":{"name":"(anonymous_6)","decl":{"start":{"line":50,"column":15},"end":{"line":50,"column":16}},"loc":{"start":{"line":51,"column":10},"end":{"line":51,"column":66}},"line":51},"7":{"name":"(anonymous_7)","decl":{"start":{"line":56,"column":2},"end":{"line":56,"column":3}},"loc":{"start":{"line":56,"column":11},"end":{"line":68,"column":3}},"line":56}},"branchMap":{"0":{"loc":{"start":{"line":17,"column":4},"end":{"line":53,"column":5}},"type":"if","locations":[{"start":{"line":17,"column":4},"end":{"line":53,"column":5}},{"start":{"line":17,"column":4},"end":{"line":53,"column":5}}],"line":17},"1":{"loc":{"start":{"line":61,"column":9},"end":{"line":65,"column":9}},"type":"cond-expr","locations":[{"start":{"line":62,"column":10},"end":{"line":62,"column":64}},{"start":{"line":64,"column":10},"end":{"line":64,"column":75}}],"line":61}},"s":{"0":1,"1":1,"2":1,"3":1,"4":0,"5":0,"6":0,"7":1,"8":0,"9":0,"10":0,"11":1},"f":{"0":1,"1":1,"2":0,"3":0,"4":0,"5":0,"6":0,"7":1},"b":{"0":[0,1],"1":[0,1]},"_coverageSchema":"43e27e138ebf9cfc5966b082cf9a028302ed4184","hash":"eec78ec77d4f3dfc5f1caffa3b98445e75688d65"}
,"/Users/brucejohnson/rpt13/rpt13-fec-service/client/src/Product.jsx": {"path":"/Users/brucejohnson/rpt13/rpt13-fec-service/client/src/Product.jsx","statementMap":{"0":{"start":{"line":11,"column":15},"end":{"line":24,"column":10}},"1":{"start":{"line":12,"column":2},"end":{"line":24,"column":10}},"2":{"start":{"line":14,"column":8},"end":{"line":22,"column":16}},"3":{"start":{"line":18,"column":27},"end":{"line":18,"column":51}},"4":{"start":{"line":28,"column":4},"end":{"line":28,"column":17}},"5":{"start":{"line":29,"column":4},"end":{"line":31,"column":6}},"6":{"start":{"line":32,"column":4},"end":{"line":32,"column":65}},"7":{"start":{"line":36,"column":4},"end":{"line":38,"column":8}},"8":{"start":{"line":36,"column":30},"end":{"line":38,"column":5}},"9":{"start":{"line":42,"column":4},"end":{"line":42,"column":43}},"10":{"start":{"line":44,"column":4},"end":{"line":46,"column":8}},"11":{"start":{"line":44,"column":30},"end":{"line":46,"column":5}},"12":{"start":{"line":57,"column":8},"end":{"line":57,"column":33}},"13":{"start":{"line":59,"column":4},"end":{"line":84,"column":6}}},"fnMap":{"0":{"name":"(anonymous_0)","decl":{"start":{"line":11,"column":15},"end":{"line":11,"column":16}},"loc":{"start":{"line":12,"column":2},"end":{"line":24,"column":10}},"line":12},"1":{"name":"(anonymous_1)","decl":{"start":{"line":13,"column":35},"end":{"line":13,"column":36}},"loc":{"start":{"line":14,"column":8},"end":{"line":22,"column":16}},"line":14},"2":{"name":"(anonymous_2)","decl":{"start":{"line":18,"column":21},"end":{"line":18,"column":22}},"loc":{"start":{"line":18,"column":27},"end":{"line":18,"column":51}},"line":18},"3":{"name":"(anonymous_3)","decl":{"start":{"line":27,"column":2},"end":{"line":27,"column":3}},"loc":{"start":{"line":27,"column":21},"end":{"line":33,"column":3}},"line":27},"4":{"name":"(anonymous_4)","decl":{"start":{"line":35,"column":2},"end":{"line":35,"column":3}},"loc":{"start":{"line":35,"column":27},"end":{"line":39,"column":3}},"line":35},"5":{"name":"(anonymous_5)","decl":{"start":{"line":36,"column":18},"end":{"line":36,"column":19}},"loc":{"start":{"line":36,"column":30},"end":{"line":38,"column":5}},"line":36},"6":{"name":"(anonymous_6)","decl":{"start":{"line":41,"column":2},"end":{"line":41,"column":3}},"loc":{"start":{"line":41,"column":22},"end":{"line":47,"column":3}},"line":41},"7":{"name":"(anonymous_7)","decl":{"start":{"line":44,"column":18},"end":{"line":44,"column":19}},"loc":{"start":{"line":44,"column":30},"end":{"line":46,"column":5}},"line":44},"8":{"name":"(anonymous_8)","decl":{"start":{"line":49,"column":2},"end":{"line":49,"column":3}},"loc":{"start":{"line":49,"column":11},"end":{"line":85,"column":3}},"line":49}},"branchMap":{"0":{"loc":{"start":{"line":12,"column":2},"end":{"line":24,"column":10}},"type":"cond-expr","locations":[{"start":{"line":13,"column":6},"end":{"line":23,"column":7}},{"start":{"line":24,"column":6},"end":{"line":24,"column":10}}],"line":12},"1":{"loc":{"start":{"line":14,"column":8},"end":{"line":22,"column":16}},"type":"cond-expr","locations":[{"start":{"line":15,"column":10},"end":{"line":21,"column":18}},{"start":{"line":22,"column":12},"end":{"line":22,"column":16}}],"line":14}},"s":{"0":1,"1":0,"2":0,"3":0,"4":0,"5":0,"6":0,"7":0,"8":0,"9":0,"10":0,"11":0,"12":0,"13":0},"f":{"0":0,"1":0,"2":0,"3":0,"4":0,"5":0,"6":0,"7":0,"8":0},"b":{"0":[0,0],"1":[0,0]},"_coverageSchema":"43e27e138ebf9cfc5966b082cf9a028302ed4184","hash":"179e8b40e56af4b5db85ff6ca309a4f20d22948c"}
,"/Users/brucejohnson/rpt13/rpt13-fec-service/client/src/elements.jsx": {"path":"/Users/brucejohnson/rpt13/rpt13-fec-service/client/src/elements.jsx","statementMap":{"0":{"start":{"line":4,"column":23},"end":{"line":6,"column":1}},"1":{"start":{"line":8,"column":21},"end":{"line":13,"column":1}},"2":{"start":{"line":15,"column":27},"end":{"line":21,"column":1}},"3":{"start":{"line":23,"column":20},"end":{"line":29,"column":1}},"4":{"start":{"line":31,"column":21},"end":{"line":43,"column":1}},"5":{"start":{"line":32,"column":2},"end":{"line":42,"column":8}},"6":{"start":{"line":45,"column":19},"end":{"line":52,"column":1}},"7":{"start":{"line":54,"column":22},"end":{"line":58,"column":1}},"8":{"start":{"line":55,"column":2},"end":{"line":57,"column":8}},"9":{"start":{"line":60,"column":21},"end":{"line":80,"column":1}},"10":{"start":{"line":65,"column":4},"end":{"line":65,"column":52}},"11":{"start":{"line":82,"column":28},"end":{"line":87,"column":1}},"12":{"start":{"line":89,"column":26},"end":{"line":103,"column":1}},"13":{"start":{"line":105,"column":25},"end":{"line":123,"column":1}}},"fnMap":{"0":{"name":"(anonymous_0)","decl":{"start":{"line":31,"column":21},"end":{"line":31,"column":22}},"loc":{"start":{"line":32,"column":2},"end":{"line":42,"column":8}},"line":32},"1":{"name":"(anonymous_1)","decl":{"start":{"line":54,"column":22},"end":{"line":54,"column":23}},"loc":{"start":{"line":55,"column":2},"end":{"line":57,"column":8}},"line":55},"2":{"name":"(anonymous_2)","decl":{"start":{"line":64,"column":18},"end":{"line":64,"column":19}},"loc":{"start":{"line":65,"column":4},"end":{"line":65,"column":52}},"line":65}},"branchMap":{"0":{"loc":{"start":{"line":65,"column":4},"end":{"line":65,"column":52}},"type":"cond-expr","locations":[{"start":{"line":65,"column":33},"end":{"line":65,"column":42}},{"start":{"line":65,"column":45},"end":{"line":65,"column":52}}],"line":65}},"s":{"0":1,"1":1,"2":1,"3":1,"4":1,"5":0,"6":1,"7":1,"8":0,"9":1,"10":0,"11":1,"12":1,"13":1},"f":{"0":0,"1":0,"2":0},"b":{"0":[0,0]},"_coverageSchema":"43e27e138ebf9cfc5966b082cf9a028302ed4184","hash":"cda9eb4131fca92a9f78b4e14d4ccc597088b62e"}
}
