TN:
SF:/Users/brucejohnson/rpt13/rpt13-fec-service/client/src/AllProductsLinkGenerator.jsx
FN:4,(anonymous_0)
FN:10,(anonymous_1)
FN:11,(anonymous_2)
FNF:3
FNH:3
FNDA:4,(anonymous_0)
FNDA:1,(anonymous_1)
FNDA:4,(anonymous_2)
DA:4,1
DA:5,4
DA:10,1
DA:11,4
LF:4
LH:4
BRF:0
BRH:0
end_of_record
TN:
SF:/Users/brucejohnson/rpt13/rpt13-fec-service/client/src/App.jsx
FN:8,(anonymous_0)
FN:16,(anonymous_1)
FN:21,(anonymous_2)
FN:29,(anonymous_3)
FN:45,(anonymous_4)
FN:46,(anonymous_5)
FN:50,(anonymous_6)
FN:56,(anonymous_7)
FNF:8
FNH:3
FNDA:1,(anonymous_0)
FNDA:1,(anonymous_1)
FNDA:0,(anonymous_2)
FNDA:0,(anonymous_3)
FNDA:0,(anonymous_4)
FNDA:0,(anonymous_5)
FNDA:0,(anonymous_6)
FNDA:1,(anonymous_7)
DA:5,1
DA:9,1
DA:10,1
DA:17,1
DA:18,0
DA:29,0
DA:42,1
DA:46,0
DA:51,0
DA:57,1
LF:10
LH:6
BRDA:17,0,0,0
BRDA:17,0,1,1
BRDA:61,1,0,0
BRDA:61,1,1,1
BRF:4
BRH:2
end_of_record
TN:
SF:/Users/brucejohnson/rpt13/rpt13-fec-service/client/src/Product.jsx
FN:11,(anonymous_0)
FN:13,(anonymous_1)
FN:18,(anonymous_2)
FN:27,(anonymous_3)
FN:35,(anonymous_4)
FN:36,(anonymous_5)
FN:41,(anonymous_6)
FN:44,(anonymous_7)
FN:49,(anonymous_8)
FNF:9
FNH:0
FNDA:0,(anonymous_0)
FNDA:0,(anonymous_1)
FNDA:0,(anonymous_2)
FNDA:0,(anonymous_3)
FNDA:0,(anonymous_4)
FNDA:0,(anonymous_5)
FNDA:0,(anonymous_6)
FNDA:0,(anonymous_7)
FNDA:0,(anonymous_8)
DA:11,1
DA:12,0
DA:14,0
DA:18,0
DA:28,0
DA:29,0
DA:32,0
DA:36,0
DA:42,0
DA:44,0
DA:57,0
DA:59,0
LF:12
LH:1
BRDA:12,0,0,0
BRDA:12,0,1,0
BRDA:14,1,0,0
BRDA:14,1,1,0
BRF:4
BRH:0
end_of_record
TN:
SF:/Users/brucejohnson/rpt13/rpt13-fec-service/client/src/elements.jsx
FN:31,(anonymous_0)
FN:54,(anonymous_1)
FN:64,(anonymous_2)
FNF:3
FNH:0
FNDA:0,(anonymous_0)
FNDA:0,(anonymous_1)
FNDA:0,(anonymous_2)
DA:4,1
DA:8,1
DA:15,1
DA:23,1
DA:31,1
DA:32,0
DA:45,1
DA:54,1
DA:55,0
DA:60,1
DA:65,0
DA:82,1
DA:89,1
DA:105,1
LF:14
LH:11
BRDA:65,0,0,0
BRDA:65,0,1,0
BRF:2
BRH:0
end_of_record
